02:0D:10:00:03:38
02:0C:10:00:03:38
02:05:00:00:03:38
02:F9:CF:FF:03:38
02:02:60:00:03:38
02:00:50:00:03:38
02:00:60:00:03:38
02:FF:7F:00:03:38
02:00:50:00:03:38
02:00:50:00:03:38
02:FF:3F:00:03:38
02:00:30:00:03:38
02:00:20:00:03:38
02:00:20:00:03:38
02:FF:1F:00:03:38
02:00:20:00:03:38
02:00:20:00:03:38
02:00:20:00:03:38
02:01:40:00:03:38
02:03:40:00:03:38
02:04:50:00:03:38
02:06:50:00:03:38
02:07:60:00:03:38
02:08:50:00:03:38
02:07:60:00:03:38
02:08:30:00:03:38
02:06:40:00:03:38
02:07:40:00:03:38
02:03:00:00:03:38
02:00:10:00:03:38
01:02:00:00:03:38
02:01:00:00:03:38
02:01:00:00:03:38
02:00:10:00:03:38
02:00:10:00:03:38
02:FB:FF:FF:03:38
02:FB:FF:FF:03:38
02:FD:FF:FF:03:38
02:FC:0F:00:03:38
02:FC:FF:FF:03:38
02:FC:0F:00:03:38
02:F8:FF:FF:03:38
02:F7:FF:FF:03:38
02:FC:1F:00:03:38
02:FC:1F:00:03:38
02:FB:1F:00:03:38
02:FC:1F:00:03:38
02:FB:0F:00:03:38
02:FB:1F:00:03:38
02:FB:1F:00:03:38
02:FD:1F:00:03:38
02:FC:0F:00:03:38
02:FD:1F:00:03:38
02:FD:0F:00:03:38
02:FD:1F:00:03:38
02:FF:0F:00:03:38
02:FE:0F:00:03:38
02:FF:1F:00:03:38
02:FE:0F:00:03:38
02:FE:0F:00:03:38
02:FE:0F:00:03:38
02:FD:0F:00:03:38
02:FE:1F:00:03:38
02:FF:0F:00:03:38
02:01:50:00:03:38
02:01:40:00:03:38
01:00:00:00:03:38
01:01:00:00:03:38
01:01:00:00:03:38
01:00:00:00:03:38
01:01:00:00:03:38
01:01:00:00:03:38
01:00:00:00:03:38
01:00:00:00:03:38
02:FF:0F:00:03:38
02:FF:0F:00:03:38
02:FF:0F:00:03:38
02:FF:FF:FF:03:38
02:FD:FF:FF:03:38
02:FE:EF:FF:03:38
02:FF:FF:FF:03:38
02:FE:FF:FF:03:38
02:FE:FF:FF:03:38
02:FD:0F:00:03:38
02:FE:FF:FF:03:38
02:FF:0F:00:03:38
02:00:F0:FF:03:38
01:02:00:00:03:38
01:02:00:00:03:38
02:FF:0F:00:03:38
02:00:10:00:03:38
02:FF:1F:00:03:38
02:00:10:00:03:38
02:00:10:00:03:38
01:02:00:00:03:38
01:00:00:00:03:38
01:02:00:00:03:38
01:02:00:00:03:38
01:00:00:00:03:38
